  [4;36;1mSQL (0.2ms)[0m   [0;1mSET NAMES 'utf8'[0m
  [4;35;1mSQL (0.1ms)[0m   [0mSET SQL_AUTO_IS_NULL=0[0m


Processing ApplicationController#index (for 127.0.0.1 at 2014-09-12 16:02:47) [GET]

ActionController::RoutingError (No route matches "/event" with {:method=>:get}):
  /home/claudio/.rvm/rubies/ruby-1.8.7-p334/lib/ruby/1.8/webrick/httpserver.rb:104:in `service'
  /home/claudio/.rvm/rubies/ruby-1.8.7-p334/lib/ruby/1.8/webrick/httpserver.rb:65:in `run'
  /home/claudio/.rvm/rubies/ruby-1.8.7-p334/lib/ruby/1.8/webrick/server.rb:173:in `start_thread'
  /home/claudio/.rvm/rubies/ruby-1.8.7-p334/lib/ruby/1.8/webrick/server.rb:162:in `start'
  /home/claudio/.rvm/rubies/ruby-1.8.7-p334/lib/ruby/1.8/webrick/server.rb:162:in `start_thread'
  /home/claudio/.rvm/rubies/ruby-1.8.7-p334/lib/ruby/1.8/webrick/server.rb:95:in `start'
  /home/claudio/.rvm/rubies/ruby-1.8.7-p334/lib/ruby/1.8/webrick/server.rb:92:in `each'
  /home/claudio/.rvm/rubies/ruby-1.8.7-p334/lib/ruby/1.8/webrick/server.rb:92:in `start'
  /home/claudio/.rvm/rubies/ruby-1.8.7-p334/lib/ruby/1.8/webrick/server.rb:23:in `start'
  /home/claudio/.rvm/rubies/ruby-1.8.7-p334/lib/ruby/1.8/webrick/server.rb:82:in `start'

Rendering rescues/layout (not_found)
  [4;36;1mSQL (0.1ms)[0m   [0;1mSET NAMES 'utf8'[0m
  [4;35;1mSQL (0.1ms)[0m   [0mSET SQL_AUTO_IS_NULL=0[0m


Processing EventsController#index (for 127.0.0.1 at 2014-09-12 16:06:31) [GET]
  [4;36;1mEvent Load (0.0ms)[0m   [0;1mMysql::Error: Table 'niufi_db.events' doesn't exist: SELECT * FROM `events` [0m

ActiveRecord::StatementInvalid (Mysql::Error: Table 'niufi_db.events' doesn't exist: SELECT * FROM `events` ):
  app/controllers/events_controller.rb:5:in `index'
  /home/claudio/.rvm/rubies/ruby-1.8.7-p334/lib/ruby/1.8/webrick/httpserver.rb:104:in `service'
  /home/claudio/.rvm/rubies/ruby-1.8.7-p334/lib/ruby/1.8/webrick/httpserver.rb:65:in `run'
  /home/claudio/.rvm/rubies/ruby-1.8.7-p334/lib/ruby/1.8/webrick/server.rb:173:in `start_thread'
  /home/claudio/.rvm/rubies/ruby-1.8.7-p334/lib/ruby/1.8/webrick/server.rb:162:in `start'
  /home/claudio/.rvm/rubies/ruby-1.8.7-p334/lib/ruby/1.8/webrick/server.rb:162:in `start_thread'
  /home/claudio/.rvm/rubies/ruby-1.8.7-p334/lib/ruby/1.8/webrick/server.rb:95:in `start'
  /home/claudio/.rvm/rubies/ruby-1.8.7-p334/lib/ruby/1.8/webrick/server.rb:92:in `each'
  /home/claudio/.rvm/rubies/ruby-1.8.7-p334/lib/ruby/1.8/webrick/server.rb:92:in `start'
  /home/claudio/.rvm/rubies/ruby-1.8.7-p334/lib/ruby/1.8/webrick/server.rb:23:in `start'
  /home/claudio/.rvm/rubies/ruby-1.8.7-p334/lib/ruby/1.8/webrick/server.rb:82:in `start'

Rendered rescues/_trace (42.3ms)
Rendered rescues/_request_and_response (2.0ms)
Rendering rescues/layout (internal_server_error)
  [4;36;1mSQL (0.2ms)[0m   [0;1mSET NAMES 'utf8'[0m
  [4;35;1mSQL (0.1ms)[0m   [0mSET SQL_AUTO_IS_NULL=0[0m
  [4;36;1mSQL (0.3ms)[0m   [0;1mSHOW TABLES[0m
  [4;35;1mSQL (82.0ms)[0m   [0mCREATE TABLE `schema_migrations` (`version` varchar(255) NOT NULL) ENGINE=InnoDB[0m
  [4;36;1mSQL (0.4ms)[0m   [0;1mSHOW KEYS FROM `schema_migrations`[0m
  [4;35;1mSQL (235.4ms)[0m   [0mCREATE UNIQUE INDEX `unique_schema_migrations` ON `schema_migrations` (`version`)[0m
  [4;36;1mSQL (0.4ms)[0m   [0;1mSHOW TABLES[0m
  [4;35;1mSQL (0.3ms)[0m   [0mSELECT version FROM schema_migrations[0m
Migrating to CreateEvents (20140912190026)
  [4;36;1mSQL (107.2ms)[0m   [0;1mCREATE TABLE `events` (`id` int(11) DEFAULT NULL auto_increment PRIMARY KEY, `ap_mac` varchar(255), `client_mac` varchar(255), `rssi` int(11), `rssi_db` int(11), `last_seen` datetime, `created_at` datetime, `updated_at` datetime) ENGINE=InnoDB[0m
  [4;35;1mSQL (44.3ms)[0m   [0mINSERT INTO schema_migrations (version) VALUES ('20140912190026')[0m
  [4;36;1mSQL (0.5ms)[0m   [0;1mSHOW TABLES[0m
  [4;35;1mSQL (0.3ms)[0m   [0mSELECT version FROM schema_migrations[0m
  [4;36;1mSQL (0.3ms)[0m   [0;1mSHOW TABLES[0m
  [4;35;1mSQL (1.2ms)[0m   [0mSHOW FIELDS FROM `events`[0m
  [4;36;1mSQL (1.0ms)[0m   [0;1mdescribe `events`[0m
  [4;35;1mSQL (0.4ms)[0m   [0mSHOW KEYS FROM `events`[0m
  [4;36;1mSQL (0.2ms)[0m   [0;1mSET NAMES 'utf8'[0m
  [4;35;1mSQL (0.2ms)[0m   [0mSET SQL_AUTO_IS_NULL=0[0m
  [4;36;1mEvent Columns (1.4ms)[0m   [0;1mSHOW FIELDS FROM `events`[0m
  [4;36;1mSQL (0.2ms)[0m   [0;1mSET NAMES 'utf8'[0m
  [4;35;1mSQL (0.2ms)[0m   [0mSET SQL_AUTO_IS_NULL=0[0m
  [4;36;1mSQL (0.5ms)[0m   [0;1mSHOW TABLES[0m
  [4;35;1mSQL (0.2ms)[0m   [0mSELECT version FROM schema_migrations[0m
  [4;36;1mSQL (0.4ms)[0m   [0;1mSHOW TABLES[0m
  [4;35;1mSQL (0.1ms)[0m   [0mSELECT version FROM schema_migrations[0m
  [4;36;1mSQL (0.4ms)[0m   [0;1mSHOW TABLES[0m
  [4;35;1mSQL (1.3ms)[0m   [0mSHOW FIELDS FROM `events`[0m
  [4;36;1mSQL (1.1ms)[0m   [0;1mdescribe `events`[0m
  [4;35;1mSQL (0.6ms)[0m   [0mSHOW KEYS FROM `events`[0m
  [4;36;1mSQL (0.1ms)[0m   [0;1mSET NAMES 'utf8'[0m
  [4;35;1mSQL (0.1ms)[0m   [0mSET SQL_AUTO_IS_NULL=0[0m
  [4;36;1mEvent Columns (0.7ms)[0m   [0;1mSHOW FIELDS FROM `events`[0m
  [4;36;1mSQL (0.3ms)[0m   [0;1mSET NAMES 'utf8'[0m
  [4;35;1mSQL (0.2ms)[0m   [0mSET SQL_AUTO_IS_NULL=0[0m
  [4;36;1mSQL (0.5ms)[0m   [0;1mSHOW TABLES[0m
  [4;35;1mSQL (0.2ms)[0m   [0mSELECT version FROM schema_migrations[0m
Migrating to CreateEvents (20140912195133)
  [4;36;1mSQL (116.5ms)[0m   [0;1mCREATE TABLE `events` (`id` int(11) DEFAULT NULL auto_increment PRIMARY KEY, `ap_mac` varchar(255), `client_mac` varchar(255), `is_associated` tinyint(1), `rssi` int(11), `rssi_db` int(11), `last_seen` datetime, `created_at` datetime, `updated_at` datetime) ENGINE=InnoDB[0m
  [4;35;1mSQL (44.1ms)[0m   [0mINSERT INTO schema_migrations (version) VALUES ('20140912195133')[0m
  [4;36;1mSQL (0.5ms)[0m   [0;1mSHOW TABLES[0m
  [4;35;1mSQL (0.4ms)[0m   [0mSELECT version FROM schema_migrations[0m
  [4;36;1mSQL (0.4ms)[0m   [0;1mSHOW TABLES[0m
  [4;35;1mSQL (1.3ms)[0m   [0mSHOW FIELDS FROM `events`[0m
  [4;36;1mSQL (1.1ms)[0m   [0;1mdescribe `events`[0m
  [4;35;1mSQL (0.5ms)[0m   [0mSHOW KEYS FROM `events`[0m
  [4;36;1mSQL (0.3ms)[0m   [0;1mSET NAMES 'utf8'[0m
  [4;35;1mSQL (0.1ms)[0m   [0mSET SQL_AUTO_IS_NULL=0[0m
  [4;36;1mEvent Columns (1.7ms)[0m   [0;1mSHOW FIELDS FROM `events`[0m
  [4;35;1mSQL (0.2ms)[0m   [0mBEGIN[0m
  [4;36;1mSQL (0.1ms)[0m   [0;1mROLLBACK[0m
  [4;35;1mSQL (0.2ms)[0m   [0mBEGIN[0m
  [4;36;1mSQL (0.2ms)[0m   [0;1mROLLBACK[0m
  [4;35;1mSQL (0.2ms)[0m   [0mBEGIN[0m
  [4;36;1mEvent Create (0.6ms)[0m   [0;1mINSERT INTO `events` (`ap_mac`, `created_at`, `updated_at`, `rssi`, `rssi_db`, `last_seen`, `is_associated`, `client_mac`) VALUES('00:18:0a:e4:ac:f0', '2014-09-12 20:06:45', '2014-09-12 20:06:45', 42, -53, '2014-09-12 19:40:21', 1, '04:15:52:3a:10:0d')[0m
  [4;35;1mSQL (31.1ms)[0m   [0mCOMMIT[0m
  [4;35;1mSQL (0.1ms)[0m   [0mSET NAMES 'utf8'[0m
  [4;36;1mSQL (0.1ms)[0m   [0;1mSET SQL_AUTO_IS_NULL=0[0m


Processing EventsController#index (for 127.0.0.1 at 2014-09-12 17:11:14) [GET]
  [4;35;1mEvent Load (0.4ms)[0m   [0mSELECT * FROM `events` [0m
Rendering template within layouts/events
Rendering events/index
  [4;36;1mEvent Columns (1.5ms)[0m   [0;1mSHOW FIELDS FROM `events`[0m
Completed in 114ms (View: 108, DB: 2) | 200 OK [http://localhost/events]
  [4;35;1mSQL (0.1ms)[0m   [0mSET NAMES 'utf8'[0m
  [4;36;1mSQL (0.1ms)[0m   [0;1mSET SQL_AUTO_IS_NULL=0[0m


Processing EventsController#edit (for 127.0.0.1 at 2014-09-12 17:11:29) [GET]
  Parameters: {"id"=>"1"}
  [4;35;1mEvent Columns (0.9ms)[0m   [0mSHOW FIELDS FROM `events`[0m
  [4;36;1mEvent Load (0.3ms)[0m   [0;1mSELECT * FROM `events` WHERE (`events`.`id` = 1) [0m
Rendering template within layouts/events
Rendering events/edit
Completed in 27ms (View: 21, DB: 1) | 200 OK [http://localhost/events/1/edit]
  [4;35;1mSQL (0.1ms)[0m   [0mSET NAMES 'utf8'[0m
  [4;36;1mSQL (0.2ms)[0m   [0;1mSET SQL_AUTO_IS_NULL=0[0m


Processing EventsController#index (for 127.0.0.1 at 2014-09-12 17:11:36) [GET]
  [4;35;1mEvent Load (0.2ms)[0m   [0mSELECT * FROM `events` [0m
Rendering template within layouts/events
Rendering events/index
  [4;36;1mEvent Columns (0.8ms)[0m   [0;1mSHOW FIELDS FROM `events`[0m
Completed in 11ms (View: 6, DB: 1) | 200 OK [http://localhost/events]
  [4;35;1mSQL (0.1ms)[0m   [0mSET NAMES 'utf8'[0m
  [4;36;1mSQL (0.1ms)[0m   [0;1mSET SQL_AUTO_IS_NULL=0[0m


Processing EventsController#show (for 127.0.0.1 at 2014-09-12 17:11:41) [GET]
  Parameters: {"id"=>"1"}
  [4;35;1mEvent Columns (0.8ms)[0m   [0mSHOW FIELDS FROM `events`[0m
  [4;36;1mEvent Load (0.1ms)[0m   [0;1mSELECT * FROM `events` WHERE (`events`.`id` = 1) [0m
Rendering template within layouts/events
Rendering events/show
Completed in 14ms (View: 6, DB: 1) | 200 OK [http://localhost/events/1]
  [4;35;1mSQL (0.1ms)[0m   [0mSET NAMES 'utf8'[0m
  [4;36;1mSQL (0.1ms)[0m   [0;1mSET SQL_AUTO_IS_NULL=0[0m


Processing EventsController#index (for 127.0.0.1 at 2014-09-12 17:11:45) [GET]
  [4;35;1mEvent Load (0.1ms)[0m   [0mSELECT * FROM `events` [0m
Rendering template within layouts/events
Rendering events/index
  [4;36;1mEvent Columns (0.8ms)[0m   [0;1mSHOW FIELDS FROM `events`[0m
Completed in 11ms (View: 6, DB: 1) | 200 OK [http://localhost/events]
  [4;35;1mSQL (0.1ms)[0m   [0mSET NAMES 'utf8'[0m
  [4;36;1mSQL (0.1ms)[0m   [0;1mSET SQL_AUTO_IS_NULL=0[0m


Processing EventsController#index (for 127.0.0.1 at 2014-09-12 17:12:59) [GET]
  [4;35;1mEvent Load (0.2ms)[0m   [0mSELECT * FROM `events` [0m
Rendering template within layouts/events
Rendering events/index
  [4;36;1mEvent Columns (0.9ms)[0m   [0;1mSHOW FIELDS FROM `events`[0m
Completed in 12ms (View: 6, DB: 1) | 200 OK [http://localhost/events]
  [4;35;1mSQL (0.2ms)[0m   [0mSET NAMES 'utf8'[0m
  [4;36;1mSQL (0.1ms)[0m   [0;1mSET SQL_AUTO_IS_NULL=0[0m


Processing ApiController#testConnection (for 127.0.0.1 at 2014-09-12 17:13:06) [GET]
Completed in 2ms (View: 1, DB: 0) | 200 OK [http://localhost/api/event]
  [4;35;1mSQL (0.1ms)[0m   [0mSET NAMES 'utf8'[0m
  [4;36;1mSQL (0.1ms)[0m   [0;1mSET SQL_AUTO_IS_NULL=0[0m


Processing ApiController#receiveEvents (for 127.0.0.1 at 2014-09-12 17:13:20) [POST]
  Parameters: {"data"=>"{\"version\":\"1.0\",\"secret\":\"elmediosecreto\",\"probing\":[{\"ap_mac\":\"00:18:0a:e4:ac:f0\",\"rssi\":\"12\",\"is_associated\":\"false\",\"client_mac\":\"5c:59:48:da:42:5a\",\"last_seen\":\"Fri Sep 12 20:07:10.478 UTC 2014\"}]}"}
client 5c:59:48:da:42:5a seen on ap 00:18:0a:e4:ac:f0 with rssi 12 at Fri Sep 12 20:07:10.478 UTC 2014
Rendering api/receiveEvents
Completed in 29ms (View: 17, DB: 0) | 200 OK [http://localhost/api/event]
  [4;35;1mSQL (0.1ms)[0m   [0mSET NAMES 'utf8'[0m
  [4;36;1mSQL (0.1ms)[0m   [0;1mSET SQL_AUTO_IS_NULL=0[0m


Processing EventsController#index (for 127.0.0.1 at 2014-09-12 17:13:25) [GET]
  [4;35;1mEvent Load (0.2ms)[0m   [0mSELECT * FROM `events` [0m
Rendering template within layouts/events
Rendering events/index
  [4;36;1mEvent Columns (1.7ms)[0m   [0;1mSHOW FIELDS FROM `events`[0m
Completed in 12ms (View: 7, DB: 2) | 200 OK [http://localhost/events]
  [4;35;1mSQL (0.1ms)[0m   [0mSET NAMES 'utf8'[0m
  [4;36;1mSQL (0.1ms)[0m   [0;1mSET SQL_AUTO_IS_NULL=0[0m


Processing EventsController#index (for 127.0.0.1 at 2014-09-12 17:13:28) [GET]
  [4;35;1mEvent Load (0.2ms)[0m   [0mSELECT * FROM `events` [0m
Rendering template within layouts/events
Rendering events/index
  [4;36;1mEvent Columns (0.9ms)[0m   [0;1mSHOW FIELDS FROM `events`[0m
Completed in 11ms (View: 6, DB: 1) | 200 OK [http://localhost/events]
  [4;35;1mSQL (0.2ms)[0m   [0mSET NAMES 'utf8'[0m
  [4;36;1mSQL (0.1ms)[0m   [0;1mSET SQL_AUTO_IS_NULL=0[0m


Processing EventsController#index (for 127.0.0.1 at 2014-09-12 17:13:28) [GET]
  [4;35;1mEvent Load (0.2ms)[0m   [0mSELECT * FROM `events` [0m
Rendering template within layouts/events
Rendering events/index
  [4;36;1mEvent Columns (0.7ms)[0m   [0;1mSHOW FIELDS FROM `events`[0m
Completed in 10ms (View: 6, DB: 1) | 200 OK [http://localhost/events]
  [4;35;1mSQL (0.2ms)[0m   [0mSET NAMES 'utf8'[0m
  [4;36;1mSQL (0.2ms)[0m   [0;1mSET SQL_AUTO_IS_NULL=0[0m


Processing EventsController#index (for 127.0.0.1 at 2014-09-12 17:13:29) [GET]
  [4;35;1mEvent Load (0.3ms)[0m   [0mSELECT * FROM `events` [0m
Rendering template within layouts/events
Rendering events/index
  [4;36;1mEvent Columns (1.4ms)[0m   [0;1mSHOW FIELDS FROM `events`[0m
Completed in 12ms (View: 6, DB: 2) | 200 OK [http://localhost/events]
  [4;35;1mSQL (0.1ms)[0m   [0mSET NAMES 'utf8'[0m
  [4;36;1mSQL (0.1ms)[0m   [0;1mSET SQL_AUTO_IS_NULL=0[0m


Processing ApiController#receiveEvents (for 127.0.0.1 at 2014-09-12 18:02:08) [POST]

TypeError (can't convert nil into String):
  json (1.8.1) lib/json/common.rb:155:in `initialize'
  json (1.8.1) lib/json/common.rb:155:in `new'
  json (1.8.1) lib/json/common.rb:155:in `parse'
  app/controllers/api_controller.rb:15:in `receiveEvents'
  /home/claudio/.rvm/rubies/ruby-1.8.7-p334/lib/ruby/1.8/webrick/httpserver.rb:104:in `service'
  /home/claudio/.rvm/rubies/ruby-1.8.7-p334/lib/ruby/1.8/webrick/httpserver.rb:65:in `run'
  /home/claudio/.rvm/rubies/ruby-1.8.7-p334/lib/ruby/1.8/webrick/server.rb:173:in `start_thread'
  /home/claudio/.rvm/rubies/ruby-1.8.7-p334/lib/ruby/1.8/webrick/server.rb:162:in `start'
  /home/claudio/.rvm/rubies/ruby-1.8.7-p334/lib/ruby/1.8/webrick/server.rb:162:in `start_thread'
  /home/claudio/.rvm/rubies/ruby-1.8.7-p334/lib/ruby/1.8/webrick/server.rb:95:in `start'
  /home/claudio/.rvm/rubies/ruby-1.8.7-p334/lib/ruby/1.8/webrick/server.rb:92:in `each'
  /home/claudio/.rvm/rubies/ruby-1.8.7-p334/lib/ruby/1.8/webrick/server.rb:92:in `start'
  /home/claudio/.rvm/rubies/ruby-1.8.7-p334/lib/ruby/1.8/webrick/server.rb:23:in `start'
  /home/claudio/.rvm/rubies/ruby-1.8.7-p334/lib/ruby/1.8/webrick/server.rb:82:in `start'

Rendered rescues/_trace (35.2ms)
Rendered rescues/_request_and_response (0.3ms)
Rendering rescues/layout (internal_server_error)
  [4;35;1mSQL (0.1ms)[0m   [0mSET NAMES 'utf8'[0m
  [4;36;1mSQL (0.1ms)[0m   [0;1mSET SQL_AUTO_IS_NULL=0[0m


Processing ApiController#receiveEvents (for 127.0.0.1 at 2014-09-12 18:03:13) [POST]
  Parameters: {"data"=>"{\"version\":\"1.0\",\"secret\":\"elmediosecreto\",\"probing\":[{\"ap_mac\":\"00:18:0a:e4:ac:f0\",\"rssi\":\"12\",\"is_associated\":\"false\",\"client_mac\":\"5c:59:48:da:42:5a\",\"last_seen\":\"Fri Sep 12 20:07:10.478 UTC 2014\"}]}"}
  [4;35;1mEvent Columns (0.9ms)[0m   [0mSHOW FIELDS FROM `events`[0m
  [4;36;1mSQL (0.1ms)[0m   [0;1mBEGIN[0m
  [4;35;1mSQL (0.1ms)[0m   [0mROLLBACK[0m
  [4;36;1mSQL (0.1ms)[0m   [0;1mBEGIN[0m
  [4;35;1mSQL (0.1ms)[0m   [0mROLLBACK[0m

TypeError (can't convert false into String):
  app/controllers/api_controller.rb:24:in `+'
  app/controllers/api_controller.rb:24:in `receiveEvents'
  app/controllers/api_controller.rb:21:in `each'
  app/controllers/api_controller.rb:21:in `receiveEvents'
  /home/claudio/.rvm/rubies/ruby-1.8.7-p334/lib/ruby/1.8/webrick/httpserver.rb:104:in `service'
  /home/claudio/.rvm/rubies/ruby-1.8.7-p334/lib/ruby/1.8/webrick/httpserver.rb:65:in `run'
  /home/claudio/.rvm/rubies/ruby-1.8.7-p334/lib/ruby/1.8/webrick/server.rb:173:in `start_thread'
  /home/claudio/.rvm/rubies/ruby-1.8.7-p334/lib/ruby/1.8/webrick/server.rb:162:in `start'
  /home/claudio/.rvm/rubies/ruby-1.8.7-p334/lib/ruby/1.8/webrick/server.rb:162:in `start_thread'
  /home/claudio/.rvm/rubies/ruby-1.8.7-p334/lib/ruby/1.8/webrick/server.rb:95:in `start'
  /home/claudio/.rvm/rubies/ruby-1.8.7-p334/lib/ruby/1.8/webrick/server.rb:92:in `each'
  /home/claudio/.rvm/rubies/ruby-1.8.7-p334/lib/ruby/1.8/webrick/server.rb:92:in `start'
  /home/claudio/.rvm/rubies/ruby-1.8.7-p334/lib/ruby/1.8/webrick/server.rb:23:in `start'
  /home/claudio/.rvm/rubies/ruby-1.8.7-p334/lib/ruby/1.8/webrick/server.rb:82:in `start'

Rendered rescues/_trace (32.5ms)
Rendered rescues/_request_and_response (0.4ms)
Rendering rescues/layout (internal_server_error)
  [4;36;1mSQL (0.1ms)[0m   [0;1mSET NAMES 'utf8'[0m
  [4;35;1mSQL (0.1ms)[0m   [0mSET SQL_AUTO_IS_NULL=0[0m


Processing ApiController#receiveEvents (for 127.0.0.1 at 2014-09-12 18:10:11) [POST]
  Parameters: {"data"=>"{\"version\":\"1.0\",\"secret\":\"elmediosecreto\",\"probing\":[{\"ap_mac\":\"00:18:0a:e4:ac:f0\",\"rssi\":\"12\",\"is_associated\":\"false\",\"client_mac\":\"5c:59:48:da:42:5a\",\"last_seen\":\"Fri Sep 12 20:07:10.478 UTC 2014\"}]}"}
  [4;36;1mEvent Columns (0.9ms)[0m   [0;1mSHOW FIELDS FROM `events`[0m
  [4;35;1mSQL (0.1ms)[0m   [0mBEGIN[0m
  [4;36;1mSQL (0.1ms)[0m   [0;1mROLLBACK[0m
  [4;35;1mSQL (0.1ms)[0m   [0mBEGIN[0m
  [4;36;1mSQL (0.1ms)[0m   [0;1mROLLBACK[0m
Client 5c:59:48:da:42:5a seen on ap 00:18:0a:e4:ac:f0 with rssi -107 at 2014-09-12 20:07:10 UTC. Is not associated.
Rendering api/receiveEvents
Completed in 14ms (View: 1, DB: 1) | 200 OK [http://localhost/api/event]
  [4;35;1mSQL (0.1ms)[0m   [0mSET NAMES 'utf8'[0m
  [4;36;1mSQL (0.1ms)[0m   [0;1mSET SQL_AUTO_IS_NULL=0[0m


Processing ApiController#receiveEvents (for 127.0.0.1 at 2014-09-12 18:11:01) [POST]
  Parameters: {"data"=>"{\"version\":\"1.0\",\"secret\":\"elmediosecreto\",\"probing\":[{\"ap_mac\":\"00:18:0a:e4:ac:f0\",\"rssi\":\"12\",\"is_associated\":\"false\",\"client_mac\":\"5c:59:48:da:42:5a\",\"last_seen\":\"Fri Sep 12 20:07:10.478 UTC 2014\"}]}"}
  [4;35;1mEvent Columns (0.9ms)[0m   [0mSHOW FIELDS FROM `events`[0m
  [4;36;1mSQL (0.1ms)[0m   [0;1mBEGIN[0m
  [4;35;1mSQL (0.1ms)[0m   [0mROLLBACK[0m
  [4;36;1mSQL (0.1ms)[0m   [0;1mBEGIN[0m
  [4;35;1mSQL (0.1ms)[0m   [0mROLLBACK[0m
Client 5c:59:48:da:42:5a seen on ap 00:18:0a:e4:ac:f0 with rssi -107 at 2014-09-12 20:07:10 UTC. Is not associated.
Rendering api/receiveEvents
Completed in 12ms (View: 1, DB: 1) | 200 OK [http://localhost/api/event]
  [4;36;1mSQL (0.1ms)[0m   [0;1mSET NAMES 'utf8'[0m
  [4;35;1mSQL (0.1ms)[0m   [0mSET SQL_AUTO_IS_NULL=0[0m


Processing ApiController#receiveEvents (for 127.0.0.1 at 2014-09-12 18:14:11) [POST]
  Parameters: {"data"=>"{\"version\":\"1.0\",\"secret\":\"elmediosecreto\",\"probing\":[{\"ap_mac\":\"00:18:0a:e4:ac:f0\",\"rssi\":\"12\",\"is_associated\":\"false\",\"client_mac\":\"5c:59:48:da:42:5a\",\"last_seen\":\"Fri Sep 12 20:07:10.478 UTC 2014\"}]}"}
  [4;36;1mEvent Columns (1.0ms)[0m   [0;1mSHOW FIELDS FROM `events`[0m
  [4;35;1mSQL (0.2ms)[0m   [0mBEGIN[0m
  [4;36;1mSQL (0.1ms)[0m   [0;1mROLLBACK[0m
  [4;35;1mSQL (0.1ms)[0m   [0mBEGIN[0m
  [4;36;1mSQL (0.1ms)[0m   [0;1mROLLBACK[0m
Client 5c:59:48:da:42:5a seen on ap 00:18:0a:e4:ac:f0 with rssi 83 at 2014-09-12 20:07:10 UTC. Is not associated.
Rendering api/receiveEvents
Completed in 12ms (View: 1, DB: 2) | 200 OK [http://localhost/api/event]
  [4;35;1mSQL (0.1ms)[0m   [0mSET NAMES 'utf8'[0m
  [4;36;1mSQL (0.1ms)[0m   [0;1mSET SQL_AUTO_IS_NULL=0[0m


Processing ApiController#receiveEvents (for 127.0.0.1 at 2014-09-12 18:14:55) [POST]
  Parameters: {"data"=>"{\"version\":\"1.0\",\"secret\":\"elmediosecreto\",\"probing\":[{\"ap_mac\":\"00:18:0a:e4:ac:f0\",\"rssi\":\"12\",\"is_associated\":\"false\",\"client_mac\":\"5a:59:48:da:42:5a\",\"last_seen\":\"Fri Sep 12 20:07:10.478 UTC 2014\"}]}"}
  [4;35;1mEvent Columns (1.0ms)[0m   [0mSHOW FIELDS FROM `events`[0m
  [4;36;1mSQL (0.1ms)[0m   [0;1mBEGIN[0m
  [4;35;1mSQL (0.1ms)[0m   [0mROLLBACK[0m
  [4;36;1mSQL (0.1ms)[0m   [0;1mBEGIN[0m
  [4;35;1mSQL (0.1ms)[0m   [0mROLLBACK[0m
Client 5a:59:48:da:42:5a seen on ap 00:18:0a:e4:ac:f0 with rssi 83 at 2014-09-12 20:07:10 UTC. Is not associated.
Rendering api/receiveEvents
Completed in 12ms (View: 1, DB: 2) | 200 OK [http://localhost/api/event]
  [4;36;1mSQL (0.1ms)[0m   [0;1mSET NAMES 'utf8'[0m
  [4;35;1mSQL (0.1ms)[0m   [0mSET SQL_AUTO_IS_NULL=0[0m


Processing ApiController#receiveEvents (for 127.0.0.1 at 2014-09-12 18:16:34) [POST]
  Parameters: {"data"=>"{\"version\":\"1.0\",\"secret\":\"elmediosecreto\",\"probing\":[{\"ap_mac\":\"00:18:0a:e4:ac:f0\",\"rssi\":\"12\",\"is_associated\":\"false\",\"client_mac\":\"5a:59:48:da:42:5a\",\"last_seen\":\"Fri Sep 12 20:07:10.478 UTC 2014\"}]}"}
  [4;36;1mEvent Columns (0.9ms)[0m   [0;1mSHOW FIELDS FROM `events`[0m
  [4;35;1mSQL (0.1ms)[0m   [0mBEGIN[0m
  [4;36;1mSQL (0.1ms)[0m   [0;1mROLLBACK[0m
  [4;35;1mSQL (0.0ms)[0m   [0mBEGIN[0m
  [4;36;1mSQL (0.1ms)[0m   [0;1mROLLBACK[0m
Client 5a:59:48:da:42:5a seen on ap 00:18:0a:e4:ac:f0 with rssi 12 at 2014-09-12 20:07:10 UTC. Is not associated.
Rendering api/receiveEvents
Completed in 12ms (View: 1, DB: 1) | 200 OK [http://localhost/api/event]
  [4;35;1mSQL (0.1ms)[0m   [0mSET NAMES 'utf8'[0m
  [4;36;1mSQL (0.1ms)[0m   [0;1mSET SQL_AUTO_IS_NULL=0[0m


Processing EventsController#index (for 127.0.0.1 at 2014-09-12 18:20:17) [GET]
  [4;35;1mEvent Load (0.2ms)[0m   [0mSELECT * FROM `events` [0m
Rendering template within layouts/events
Rendering events/index
  [4;36;1mEvent Columns (1.0ms)[0m   [0;1mSHOW FIELDS FROM `events`[0m
Completed in 12ms (View: 6, DB: 1) | 200 OK [http://localhost/events]
  [4;35;1mSQL (0.1ms)[0m   [0mSET NAMES 'utf8'[0m
  [4;36;1mSQL (0.1ms)[0m   [0;1mSET SQL_AUTO_IS_NULL=0[0m


Processing EventsController#index (for 127.0.0.1 at 2014-09-12 18:20:18) [GET]
  [4;35;1mEvent Load (0.2ms)[0m   [0mSELECT * FROM `events` [0m
Rendering template within layouts/events
Rendering events/index
  [4;36;1mEvent Columns (0.8ms)[0m   [0;1mSHOW FIELDS FROM `events`[0m
Completed in 13ms (View: 6, DB: 1) | 200 OK [http://localhost/events]
  [4;35;1mSQL (0.1ms)[0m   [0mSET NAMES 'utf8'[0m
  [4;36;1mSQL (0.1ms)[0m   [0;1mSET SQL_AUTO_IS_NULL=0[0m


Processing ApiController#receiveEvents (for 127.0.0.1 at 2014-09-12 18:20:55) [POST]
  Parameters: {"data"=>"{\"version\":\"1.0\",\"secret\":\"elmediosecreto\",\"probing\":[{\"ap_mac\":\"00:18:0a:e4:ac:f0\",\"rssi\":\"12\",\"is_associated\":\"false\",\"client_mac\":\"5a:59:48:da:42:5a\",\"last_seen\":\"Fri Sep 12 20:07:10.478 UTC 2014\"}]}"}
  [4;35;1mEvent Columns (0.9ms)[0m   [0mSHOW FIELDS FROM `events`[0m
  [4;36;1mSQL (0.1ms)[0m   [0;1mBEGIN[0m
  [4;35;1mSQL (0.1ms)[0m   [0mROLLBACK[0m
  [4;36;1mSQL (0.1ms)[0m   [0;1mBEGIN[0m
  [4;35;1mSQL (0.2ms)[0m   [0mROLLBACK[0m

ActiveRecord::RecordInvalid (Validation failed: Is associated can't be blank):
  app/controllers/api_controller.rb:23:in `receiveEvents'
  app/controllers/api_controller.rb:21:in `each'
  app/controllers/api_controller.rb:21:in `receiveEvents'
  /home/claudio/.rvm/rubies/ruby-1.8.7-p334/lib/ruby/1.8/webrick/httpserver.rb:104:in `service'
  /home/claudio/.rvm/rubies/ruby-1.8.7-p334/lib/ruby/1.8/webrick/httpserver.rb:65:in `run'
  /home/claudio/.rvm/rubies/ruby-1.8.7-p334/lib/ruby/1.8/webrick/server.rb:173:in `start_thread'
  /home/claudio/.rvm/rubies/ruby-1.8.7-p334/lib/ruby/1.8/webrick/server.rb:162:in `start'
  /home/claudio/.rvm/rubies/ruby-1.8.7-p334/lib/ruby/1.8/webrick/server.rb:162:in `start_thread'
  /home/claudio/.rvm/rubies/ruby-1.8.7-p334/lib/ruby/1.8/webrick/server.rb:95:in `start'
  /home/claudio/.rvm/rubies/ruby-1.8.7-p334/lib/ruby/1.8/webrick/server.rb:92:in `each'
  /home/claudio/.rvm/rubies/ruby-1.8.7-p334/lib/ruby/1.8/webrick/server.rb:92:in `start'
  /home/claudio/.rvm/rubies/ruby-1.8.7-p334/lib/ruby/1.8/webrick/server.rb:23:in `start'
  /home/claudio/.rvm/rubies/ruby-1.8.7-p334/lib/ruby/1.8/webrick/server.rb:82:in `start'

Rendered rescues/_trace (37.1ms)
Rendered rescues/_request_and_response (0.4ms)
Rendering rescues/layout (unprocessable_entity)
  [4;36;1mSQL (0.1ms)[0m   [0;1mSET NAMES 'utf8'[0m
  [4;35;1mSQL (0.1ms)[0m   [0mSET SQL_AUTO_IS_NULL=0[0m


Processing ApiController#receiveEvents (for 127.0.0.1 at 2014-09-12 18:22:18) [POST]
  Parameters: {"data"=>"{\"version\":\"1.0\",\"secret\":\"elmediosecreto\",\"probing\":[{\"ap_mac\":\"00:18:0a:e4:ac:f0\",\"rssi\":\"12\",\"is_associated\":\"false\",\"client_mac\":\"5a:59:48:da:42:5a\",\"last_seen\":\"Fri Sep 12 20:07:10.478 UTC 2014\"}]}"}
  [4;36;1mEvent Columns (0.9ms)[0m   [0;1mSHOW FIELDS FROM `events`[0m
  [4;35;1mSQL (0.1ms)[0m   [0mBEGIN[0m
  [4;36;1mSQL (0.1ms)[0m   [0;1mROLLBACK[0m
  [4;35;1mSQL (0.1ms)[0m   [0mBEGIN[0m
  [4;36;1mSQL (0.1ms)[0m   [0;1mROLLBACK[0m

ActiveRecord::RecordInvalid (Validation failed: Is associated can't be blank):
  app/controllers/api_controller.rb:23:in `receiveEvents'
  app/controllers/api_controller.rb:21:in `each'
  app/controllers/api_controller.rb:21:in `receiveEvents'
  /home/claudio/.rvm/rubies/ruby-1.8.7-p334/lib/ruby/1.8/webrick/httpserver.rb:104:in `service'
  /home/claudio/.rvm/rubies/ruby-1.8.7-p334/lib/ruby/1.8/webrick/httpserver.rb:65:in `run'
  /home/claudio/.rvm/rubies/ruby-1.8.7-p334/lib/ruby/1.8/webrick/server.rb:173:in `start_thread'
  /home/claudio/.rvm/rubies/ruby-1.8.7-p334/lib/ruby/1.8/webrick/server.rb:162:in `start'
  /home/claudio/.rvm/rubies/ruby-1.8.7-p334/lib/ruby/1.8/webrick/server.rb:162:in `start_thread'
  /home/claudio/.rvm/rubies/ruby-1.8.7-p334/lib/ruby/1.8/webrick/server.rb:95:in `start'
  /home/claudio/.rvm/rubies/ruby-1.8.7-p334/lib/ruby/1.8/webrick/server.rb:92:in `each'
  /home/claudio/.rvm/rubies/ruby-1.8.7-p334/lib/ruby/1.8/webrick/server.rb:92:in `start'
  /home/claudio/.rvm/rubies/ruby-1.8.7-p334/lib/ruby/1.8/webrick/server.rb:23:in `start'
  /home/claudio/.rvm/rubies/ruby-1.8.7-p334/lib/ruby/1.8/webrick/server.rb:82:in `start'

Rendered rescues/_trace (100.1ms)
Rendered rescues/_request_and_response (0.4ms)
Rendering rescues/layout (unprocessable_entity)
  [4;35;1mSQL (0.1ms)[0m   [0mSET NAMES 'utf8'[0m
  [4;36;1mSQL (0.1ms)[0m   [0;1mSET SQL_AUTO_IS_NULL=0[0m


Processing ApiController#receiveEvents (for 127.0.0.1 at 2014-09-12 18:23:42) [POST]
  Parameters: {"data"=>"{\"version\":\"1.0\",\"secret\":\"elmediosecreto\",\"probing\":[{\"ap_mac\":\"00:18:0a:e4:ac:f0\",\"rssi\":\"12\",\"is_associated\":\"false\",\"client_mac\":\"5a:59:48:da:42:5a\",\"last_seen\":\"Fri Sep 12 20:07:10.478 UTC 2014\"}]}"}

NoMethodError (undefined method `-' for "12":String):
  app/models/event.rb:10:in `parse_event'
  app/controllers/api_controller.rb:22:in `receiveEvents'
  app/controllers/api_controller.rb:21:in `each'
  app/controllers/api_controller.rb:21:in `receiveEvents'
  /home/claudio/.rvm/rubies/ruby-1.8.7-p334/lib/ruby/1.8/webrick/httpserver.rb:104:in `service'
  /home/claudio/.rvm/rubies/ruby-1.8.7-p334/lib/ruby/1.8/webrick/httpserver.rb:65:in `run'
  /home/claudio/.rvm/rubies/ruby-1.8.7-p334/lib/ruby/1.8/webrick/server.rb:173:in `start_thread'
  /home/claudio/.rvm/rubies/ruby-1.8.7-p334/lib/ruby/1.8/webrick/server.rb:162:in `start'
  /home/claudio/.rvm/rubies/ruby-1.8.7-p334/lib/ruby/1.8/webrick/server.rb:162:in `start_thread'
  /home/claudio/.rvm/rubies/ruby-1.8.7-p334/lib/ruby/1.8/webrick/server.rb:95:in `start'
  /home/claudio/.rvm/rubies/ruby-1.8.7-p334/lib/ruby/1.8/webrick/server.rb:92:in `each'
  /home/claudio/.rvm/rubies/ruby-1.8.7-p334/lib/ruby/1.8/webrick/server.rb:92:in `start'
  /home/claudio/.rvm/rubies/ruby-1.8.7-p334/lib/ruby/1.8/webrick/server.rb:23:in `start'
  /home/claudio/.rvm/rubies/ruby-1.8.7-p334/lib/ruby/1.8/webrick/server.rb:82:in `start'

Rendered rescues/_trace (32.9ms)
Rendered rescues/_request_and_response (0.4ms)
Rendering rescues/layout (internal_server_error)
  [4;35;1mSQL (0.1ms)[0m   [0mSET NAMES 'utf8'[0m
  [4;36;1mSQL (0.1ms)[0m   [0;1mSET SQL_AUTO_IS_NULL=0[0m


Processing ApiController#receiveEvents (for 127.0.0.1 at 2014-09-12 18:24:14) [POST]
  Parameters: {"data"=>"{\"version\":\"1.0\",\"secret\":\"elmediosecreto\",\"probing\":[{\"ap_mac\":\"00:18:0a:e4:ac:f0\",\"rssi\":\"12\",\"is_associated\":\"false\",\"client_mac\":\"5a:59:48:da:42:5a\",\"last_seen\":\"Fri Sep 12 20:07:10.478 UTC 2014\"}]}"}
  [4;35;1mEvent Columns (1.0ms)[0m   [0mSHOW FIELDS FROM `events`[0m
  [4;36;1mSQL (0.1ms)[0m   [0;1mBEGIN[0m
  [4;35;1mSQL (0.1ms)[0m   [0mROLLBACK[0m
  [4;36;1mSQL (0.1ms)[0m   [0;1mBEGIN[0m
  [4;35;1mSQL (0.1ms)[0m   [0mROLLBACK[0m

ActiveRecord::RecordInvalid (Validation failed: Is associated can't be blank):
  app/controllers/api_controller.rb:23:in `receiveEvents'
  app/controllers/api_controller.rb:21:in `each'
  app/controllers/api_controller.rb:21:in `receiveEvents'
  /home/claudio/.rvm/rubies/ruby-1.8.7-p334/lib/ruby/1.8/webrick/httpserver.rb:104:in `service'
  /home/claudio/.rvm/rubies/ruby-1.8.7-p334/lib/ruby/1.8/webrick/httpserver.rb:65:in `run'
  /home/claudio/.rvm/rubies/ruby-1.8.7-p334/lib/ruby/1.8/webrick/server.rb:173:in `start_thread'
  /home/claudio/.rvm/rubies/ruby-1.8.7-p334/lib/ruby/1.8/webrick/server.rb:162:in `start'
  /home/claudio/.rvm/rubies/ruby-1.8.7-p334/lib/ruby/1.8/webrick/server.rb:162:in `start_thread'
  /home/claudio/.rvm/rubies/ruby-1.8.7-p334/lib/ruby/1.8/webrick/server.rb:95:in `start'
  /home/claudio/.rvm/rubies/ruby-1.8.7-p334/lib/ruby/1.8/webrick/server.rb:92:in `each'
  /home/claudio/.rvm/rubies/ruby-1.8.7-p334/lib/ruby/1.8/webrick/server.rb:92:in `start'
  /home/claudio/.rvm/rubies/ruby-1.8.7-p334/lib/ruby/1.8/webrick/server.rb:23:in `start'
  /home/claudio/.rvm/rubies/ruby-1.8.7-p334/lib/ruby/1.8/webrick/server.rb:82:in `start'

Rendered rescues/_trace (35.3ms)
Rendered rescues/_request_and_response (0.4ms)
Rendering rescues/layout (unprocessable_entity)
  [4;36;1mSQL (0.1ms)[0m   [0;1mSET NAMES 'utf8'[0m
  [4;35;1mSQL (0.1ms)[0m   [0mSET SQL_AUTO_IS_NULL=0[0m


Processing ApiController#receiveEvents (for 127.0.0.1 at 2014-09-12 18:25:57) [POST]
  Parameters: {"data"=>"{\"version\":\"1.0\",\"secret\":\"elmediosecreto\",\"probing\":[{\"ap_mac\":\"00:18:0a:e4:ac:f0\",\"rssi\":\"12\",\"is_associated\":\"false\",\"client_mac\":\"5a:59:48:da:42:5a\",\"last_seen\":\"Fri Sep 12 20:07:10.478 UTC 2014\"}]}"}
  [4;36;1mEvent Columns (1.1ms)[0m   [0;1mSHOW FIELDS FROM `events`[0m
  [4;35;1mSQL (0.1ms)[0m   [0mBEGIN[0m
  [4;36;1mSQL (0.1ms)[0m   [0;1mROLLBACK[0m

  [4;35;1mSQL (0.1ms)[0m   [0mBEGIN[0m
  [4;36;1mSQL (0.1ms)[0m   [0;1mROLLBACK[0m

ActiveRecord::RecordInvalid (Validation failed: Is associated can't be blank):
  app/controllers/api_controller.rb:24:in `receiveEvents'
  app/controllers/api_controller.rb:21:in `each'
  app/controllers/api_controller.rb:21:in `receiveEvents'
  /home/claudio/.rvm/rubies/ruby-1.8.7-p334/lib/ruby/1.8/webrick/httpserver.rb:104:in `service'
  /home/claudio/.rvm/rubies/ruby-1.8.7-p334/lib/ruby/1.8/webrick/httpserver.rb:65:in `run'
  /home/claudio/.rvm/rubies/ruby-1.8.7-p334/lib/ruby/1.8/webrick/server.rb:173:in `start_thread'
  /home/claudio/.rvm/rubies/ruby-1.8.7-p334/lib/ruby/1.8/webrick/server.rb:162:in `start'
  /home/claudio/.rvm/rubies/ruby-1.8.7-p334/lib/ruby/1.8/webrick/server.rb:162:in `start_thread'
  /home/claudio/.rvm/rubies/ruby-1.8.7-p334/lib/ruby/1.8/webrick/server.rb:95:in `start'
  /home/claudio/.rvm/rubies/ruby-1.8.7-p334/lib/ruby/1.8/webrick/server.rb:92:in `each'
  /home/claudio/.rvm/rubies/ruby-1.8.7-p334/lib/ruby/1.8/webrick/server.rb:92:in `start'
  /home/claudio/.rvm/rubies/ruby-1.8.7-p334/lib/ruby/1.8/webrick/server.rb:23:in `start'
  /home/claudio/.rvm/rubies/ruby-1.8.7-p334/lib/ruby/1.8/webrick/server.rb:82:in `start'

Rendered rescues/_trace (104.7ms)
Rendered rescues/_request_and_response (0.5ms)
Rendering rescues/layout (unprocessable_entity)
  [4;35;1mSQL (0.1ms)[0m   [0mSET NAMES 'utf8'[0m
  [4;36;1mSQL (0.1ms)[0m   [0;1mSET SQL_AUTO_IS_NULL=0[0m


Processing ApiController#receiveEvents (for 127.0.0.1 at 2014-09-12 18:26:18) [POST]
  Parameters: {"data"=>"{\"version\":\"1.0\",\"secret\":\"elmediosecreto\",\"probing\":[{\"ap_mac\":\"00:18:0a:e4:ac:f0\",\"rssi\":\"12\",\"is_associated\":\"false\",\"client_mac\":\"5a:59:48:da:42:5a\",\"last_seen\":\"Fri Sep 12 20:07:10.478 UTC 2014\"}]}"}
  [4;35;1mEvent Columns (0.9ms)[0m   [0mSHOW FIELDS FROM `events`[0m
  [4;36;1mSQL (0.1ms)[0m   [0;1mBEGIN[0m
  [4;35;1mSQL (0.2ms)[0m   [0mROLLBACK[0m

TypeError (can't convert false into String):
  app/controllers/api_controller.rb:23:in `+'
  app/controllers/api_controller.rb:23:in `receiveEvents'
  app/controllers/api_controller.rb:21:in `each'
  app/controllers/api_controller.rb:21:in `receiveEvents'
  /home/claudio/.rvm/rubies/ruby-1.8.7-p334/lib/ruby/1.8/webrick/httpserver.rb:104:in `service'
  /home/claudio/.rvm/rubies/ruby-1.8.7-p334/lib/ruby/1.8/webrick/httpserver.rb:65:in `run'
  /home/claudio/.rvm/rubies/ruby-1.8.7-p334/lib/ruby/1.8/webrick/server.rb:173:in `start_thread'
  /home/claudio/.rvm/rubies/ruby-1.8.7-p334/lib/ruby/1.8/webrick/server.rb:162:in `start'
  /home/claudio/.rvm/rubies/ruby-1.8.7-p334/lib/ruby/1.8/webrick/server.rb:162:in `start_thread'
  /home/claudio/.rvm/rubies/ruby-1.8.7-p334/lib/ruby/1.8/webrick/server.rb:95:in `start'
  /home/claudio/.rvm/rubies/ruby-1.8.7-p334/lib/ruby/1.8/webrick/server.rb:92:in `each'
  /home/claudio/.rvm/rubies/ruby-1.8.7-p334/lib/ruby/1.8/webrick/server.rb:92:in `start'
  /home/claudio/.rvm/rubies/ruby-1.8.7-p334/lib/ruby/1.8/webrick/server.rb:23:in `start'
  /home/claudio/.rvm/rubies/ruby-1.8.7-p334/lib/ruby/1.8/webrick/server.rb:82:in `start'

Rendered rescues/_trace (34.4ms)
Rendered rescues/_request_and_response (0.4ms)
Rendering rescues/layout (internal_server_error)
  [4;36;1mSQL (0.1ms)[0m   [0;1mSET NAMES 'utf8'[0m
  [4;35;1mSQL (0.1ms)[0m   [0mSET SQL_AUTO_IS_NULL=0[0m


Processing ApiController#receiveEvents (for 127.0.0.1 at 2014-09-12 18:26:49) [POST]
  Parameters: {"data"=>"{\"version\":\"1.0\",\"secret\":\"elmediosecreto\",\"probing\":[{\"ap_mac\":\"00:18:0a:e4:ac:f0\",\"rssi\":\"12\",\"is_associated\":\"false\",\"client_mac\":\"5a:59:48:da:42:5a\",\"last_seen\":\"Fri Sep 12 20:07:10.478 UTC 2014\"}]}"}
  [4;36;1mEvent Columns (0.9ms)[0m   [0;1mSHOW FIELDS FROM `events`[0m
  [4;35;1mSQL (0.1ms)[0m   [0mBEGIN[0m
  [4;36;1mSQL (0.2ms)[0m   [0;1mROLLBACK[0m
ASDASDASDASfalse
  [4;35;1mSQL (0.1ms)[0m   [0mBEGIN[0m
  [4;36;1mSQL (0.2ms)[0m   [0;1mROLLBACK[0m

ActiveRecord::RecordInvalid (Validation failed: Is associated can't be blank):
  app/controllers/api_controller.rb:24:in `receiveEvents'
  app/controllers/api_controller.rb:21:in `each'
  app/controllers/api_controller.rb:21:in `receiveEvents'
  /home/claudio/.rvm/rubies/ruby-1.8.7-p334/lib/ruby/1.8/webrick/httpserver.rb:104:in `service'
  /home/claudio/.rvm/rubies/ruby-1.8.7-p334/lib/ruby/1.8/webrick/httpserver.rb:65:in `run'
  /home/claudio/.rvm/rubies/ruby-1.8.7-p334/lib/ruby/1.8/webrick/server.rb:173:in `start_thread'
  /home/claudio/.rvm/rubies/ruby-1.8.7-p334/lib/ruby/1.8/webrick/server.rb:162:in `start'
  /home/claudio/.rvm/rubies/ruby-1.8.7-p334/lib/ruby/1.8/webrick/server.rb:162:in `start_thread'
  /home/claudio/.rvm/rubies/ruby-1.8.7-p334/lib/ruby/1.8/webrick/server.rb:95:in `start'
  /home/claudio/.rvm/rubies/ruby-1.8.7-p334/lib/ruby/1.8/webrick/server.rb:92:in `each'
  /home/claudio/.rvm/rubies/ruby-1.8.7-p334/lib/ruby/1.8/webrick/server.rb:92:in `start'
  /home/claudio/.rvm/rubies/ruby-1.8.7-p334/lib/ruby/1.8/webrick/server.rb:23:in `start'
  /home/claudio/.rvm/rubies/ruby-1.8.7-p334/lib/ruby/1.8/webrick/server.rb:82:in `start'

Rendered rescues/_trace (97.2ms)
Rendered rescues/_request_and_response (0.5ms)
Rendering rescues/layout (unprocessable_entity)
  [4;35;1mSQL (0.1ms)[0m   [0mSET NAMES 'utf8'[0m
  [4;36;1mSQL (0.1ms)[0m   [0;1mSET SQL_AUTO_IS_NULL=0[0m


Processing ApiController#receiveEvents (for 127.0.0.1 at 2014-09-12 18:27:32) [POST]
  Parameters: {"data"=>"{\"version\":\"1.0\",\"secret\":\"elmediosecreto\",\"probing\":[{\"ap_mac\":\"00:18:0a:e4:ac:f0\",\"rssi\":\"12\",\"is_associated\":\"false\",\"client_mac\":\"5a:59:48:da:42:5a\",\"last_seen\":\"Fri Sep 12 20:07:10.478 UTC 2014\"}]}"}
  [4;35;1mEvent Columns (1.1ms)[0m   [0mSHOW FIELDS FROM `events`[0m
  [4;36;1mSQL (0.2ms)[0m   [0;1mBEGIN[0m
  [4;35;1mSQL (0.1ms)[0m   [0mROLLBACK[0m
ASDASDASDASfalse
  [4;36;1mSQL (0.1ms)[0m   [0;1mBEGIN[0m
  [4;35;1mSQL (0.1ms)[0m   [0mROLLBACK[0m

ActiveRecord::RecordInvalid (Validation failed: Is associated can't be blank):
  app/controllers/api_controller.rb:25:in `receiveEvents'
  app/controllers/api_controller.rb:21:in `each'
  app/controllers/api_controller.rb:21:in `receiveEvents'
  /home/claudio/.rvm/rubies/ruby-1.8.7-p334/lib/ruby/1.8/webrick/httpserver.rb:104:in `service'
  /home/claudio/.rvm/rubies/ruby-1.8.7-p334/lib/ruby/1.8/webrick/httpserver.rb:65:in `run'
  /home/claudio/.rvm/rubies/ruby-1.8.7-p334/lib/ruby/1.8/webrick/server.rb:173:in `start_thread'
  /home/claudio/.rvm/rubies/ruby-1.8.7-p334/lib/ruby/1.8/webrick/server.rb:162:in `start'
  /home/claudio/.rvm/rubies/ruby-1.8.7-p334/lib/ruby/1.8/webrick/server.rb:162:in `start_thread'
  /home/claudio/.rvm/rubies/ruby-1.8.7-p334/lib/ruby/1.8/webrick/server.rb:95:in `start'
  /home/claudio/.rvm/rubies/ruby-1.8.7-p334/lib/ruby/1.8/webrick/server.rb:92:in `each'
  /home/claudio/.rvm/rubies/ruby-1.8.7-p334/lib/ruby/1.8/webrick/server.rb:92:in `start'
  /home/claudio/.rvm/rubies/ruby-1.8.7-p334/lib/ruby/1.8/webrick/server.rb:23:in `start'
  /home/claudio/.rvm/rubies/ruby-1.8.7-p334/lib/ruby/1.8/webrick/server.rb:82:in `start'

Rendered rescues/_trace (38.8ms)
Rendered rescues/_request_and_response (0.4ms)
Rendering rescues/layout (unprocessable_entity)
  [4;36;1mSQL (0.1ms)[0m   [0;1mSET NAMES 'utf8'[0m
  [4;35;1mSQL (0.1ms)[0m   [0mSET SQL_AUTO_IS_NULL=0[0m


Processing ApiController#receiveEvents (for 127.0.0.1 at 2014-09-12 18:27:44) [POST]
  Parameters: {"data"=>"{\"version\":\"1.0\",\"secret\":\"elmediosecreto\",\"probing\":[{\"ap_mac\":\"00:18:0a:e4:ac:f0\",\"rssi\":\"12\",\"is_associated\":\"false\",\"client_mac\":\"5a:59:48:da:42:5a\",\"last_seen\":\"Fri Sep 12 20:07:10.478 UTC 2014\"}]}"}
  [4;36;1mEvent Columns (1.0ms)[0m   [0;1mSHOW FIELDS FROM `events`[0m
  [4;35;1mSQL (0.2ms)[0m   [0mBEGIN[0m
  [4;36;1mSQL (0.1ms)[0m   [0;1mROLLBACK[0m
ASDASDASDAStrue
  [4;35;1mSQL (0.1ms)[0m   [0mBEGIN[0m
  [4;36;1mEvent Create (0.4ms)[0m   [0;1mINSERT INTO `events` (`ap_mac`, `created_at`, `updated_at`, `rssi`, `rssi_db`, `last_seen`, `is_associated`, `client_mac`) VALUES('00:18:0a:e4:ac:f0', '2014-09-12 21:27:44', '2014-09-12 21:27:44', 12, 83, '2014-09-12 20:07:10', 1, '5a:59:48:da:42:5a')[0m
  [4;35;1mSQL (40.9ms)[0m   [0mCOMMIT[0m
Client 5a:59:48:da:42:5a seen on ap 00:18:0a:e4:ac:f0 with rssi 12 at 2014-09-12 20:07:10 UTC. Is associated.
Rendering api/receiveEvents
Completed in 55ms (View: 1, DB: 43) | 200 OK [http://localhost/api/event]
  [4;36;1mSQL (0.1ms)[0m   [0;1mSET NAMES 'utf8'[0m
  [4;35;1mSQL (0.1ms)[0m   [0mSET SQL_AUTO_IS_NULL=0[0m


Processing EventsController#index (for 127.0.0.1 at 2014-09-12 18:28:00) [GET]
  [4;36;1mEvent Load (0.4ms)[0m   [0;1mSELECT * FROM `events` [0m
Rendering template within layouts/events
Rendering events/index
  [4;35;1mEvent Columns (0.7ms)[0m   [0mSHOW FIELDS FROM `events`[0m
Completed in 14ms (View: 8, DB: 1) | 200 OK [http://localhost/events]
  [4;36;1mSQL (0.1ms)[0m   [0;1mSET NAMES 'utf8'[0m
  [4;35;1mSQL (0.1ms)[0m   [0mSET SQL_AUTO_IS_NULL=0[0m


Processing ApiController#receiveEvents (for 127.0.0.1 at 2014-09-12 18:29:26) [POST]
  Parameters: {"data"=>"{\"version\":\"1.0\",\"secret\":\"elmediosecreto\",\"probing\":[{\"ap_mac\":\"00:18:0a:e4:ac:f0\",\"rssi\":\"12\",\"is_associated\":\"false\",\"client_mac\":\"5a:59:48:da:42:5a\",\"last_seen\":\"Fri Sep 12 20:07:10.478 UTC 2014\"}]}"}
  [4;36;1mEvent Columns (0.8ms)[0m   [0;1mSHOW FIELDS FROM `events`[0m
  [4;35;1mSQL (0.1ms)[0m   [0mBEGIN[0m
  [4;36;1mEvent Create (0.4ms)[0m   [0;1mINSERT INTO `events` (`ap_mac`, `created_at`, `updated_at`, `rssi`, `rssi_db`, `last_seen`, `is_associated`, `client_mac`) VALUES('00:18:0a:e4:ac:f0', '2014-09-12 21:29:26', '2014-09-12 21:29:26', 12, 83, '2014-09-12 20:07:10', 0, '5a:59:48:da:42:5a')[0m
  [4;35;1mSQL (49.2ms)[0m   [0mCOMMIT[0m
ASDASDASDAStrue
  [4;36;1mSQL (0.1ms)[0m   [0;1mBEGIN[0m
  [4;35;1mEvent Update (222.8ms)[0m   [0mUPDATE `events` SET `updated_at` = '2014-09-12 21:29:26', `is_associated` = 1 WHERE `id` = 3[0m
  [4;36;1mSQL (43.9ms)[0m   [0;1mCOMMIT[0m
Client 5a:59:48:da:42:5a seen on ap 00:18:0a:e4:ac:f0 with rssi 12 at 2014-09-12 20:07:10 UTC. Is associated.
Rendering api/receiveEvents
Completed in 331ms (View: 1, DB: 318) | 200 OK [http://localhost/api/event]
  [4;35;1mSQL (0.1ms)[0m   [0mSET NAMES 'utf8'[0m
  [4;36;1mSQL (0.1ms)[0m   [0;1mSET SQL_AUTO_IS_NULL=0[0m


Processing ApiController#receiveEvents (for 127.0.0.1 at 2014-09-12 18:29:42) [POST]
  Parameters: {"data"=>"{\"version\":\"1.0\",\"secret\":\"elmediosecreto\",\"probing\":[{\"ap_mac\":\"00:18:0a:e4:ac:f0\",\"rssi\":\"12\",\"is_associated\":\"false\",\"client_mac\":\"5a:59:48:da:42:5a\",\"last_seen\":\"Fri Sep 12 20:07:10.478 UTC 2014\"}]}"}
  [4;35;1mEvent Columns (1.0ms)[0m   [0mSHOW FIELDS FROM `events`[0m
  [4;36;1mSQL (0.1ms)[0m   [0;1mBEGIN[0m
  [4;35;1mEvent Create (0.3ms)[0m   [0mINSERT INTO `events` (`ap_mac`, `created_at`, `updated_at`, `rssi`, `rssi_db`, `last_seen`, `is_associated`, `client_mac`) VALUES('00:18:0a:e4:ac:f0', '2014-09-12 21:29:42', '2014-09-12 21:29:42', 12, 83, '2014-09-12 20:07:10', 0, '5a:59:48:da:42:5a')[0m
  [4;36;1mSQL (39.6ms)[0m   [0;1mCOMMIT[0m
ASDASDASDASfalse
  [4;35;1mSQL (0.1ms)[0m   [0mBEGIN[0m
  [4;36;1mSQL (0.1ms)[0m   [0;1mCOMMIT[0m
Client 5a:59:48:da:42:5a seen on ap 00:18:0a:e4:ac:f0 with rssi 12 at 2014-09-12 20:07:10 UTC. Is not associated.
Rendering api/receiveEvents
Completed in 55ms (View: 1, DB: 41) | 200 OK [http://localhost/api/event]
  [4;35;1mSQL (0.1ms)[0m   [0mSET NAMES 'utf8'[0m
  [4;36;1mSQL (0.1ms)[0m   [0;1mSET SQL_AUTO_IS_NULL=0[0m


Processing EventsController#index (for 127.0.0.1 at 2014-09-12 18:30:10) [GET]
  [4;35;1mEvent Load (0.4ms)[0m   [0mSELECT * FROM `events` [0m
Rendering template within layouts/events
Rendering events/index
  [4;36;1mEvent Columns (0.7ms)[0m   [0;1mSHOW FIELDS FROM `events`[0m
Completed in 19ms (View: 13, DB: 1) | 200 OK [http://localhost/events]
  [4;35;1mSQL (0.1ms)[0m   [0mSET NAMES 'utf8'[0m
  [4;36;1mSQL (0.1ms)[0m   [0;1mSET SQL_AUTO_IS_NULL=0[0m


Processing ApiController#receiveEvents (for 127.0.0.1 at 2014-09-12 18:30:14) [POST]
  Parameters: {"data"=>"{\"version\":\"1.0\",\"secret\":\"elmediosecreto\",\"probing\":[{\"ap_mac\":\"00:18:0a:e4:ac:f0\",\"rssi\":\"12\",\"is_associated\":\"false\",\"client_mac\":\"5a:59:48:da:42:5a\",\"last_seen\":\"Fri Sep 12 20:07:10.478 UTC 2014\"}]}"}
  [4;35;1mEvent Columns (0.9ms)[0m   [0mSHOW FIELDS FROM `events`[0m
  [4;36;1mSQL (0.1ms)[0m   [0;1mBEGIN[0m
  [4;35;1mEvent Create (0.4ms)[0m   [0mINSERT INTO `events` (`ap_mac`, `created_at`, `updated_at`, `rssi`, `rssi_db`, `last_seen`, `is_associated`, `client_mac`) VALUES('00:18:0a:e4:ac:f0', '2014-09-12 21:30:14', '2014-09-12 21:30:14', 12, 83, '2014-09-12 20:07:10', 0, '5a:59:48:da:42:5a')[0m
  [4;36;1mSQL (42.8ms)[0m   [0;1mCOMMIT[0m
  [4;35;1mSQL (0.1ms)[0m   [0mBEGIN[0m
  [4;36;1mSQL (0.1ms)[0m   [0;1mCOMMIT[0m
Client 5a:59:48:da:42:5a seen on ap 00:18:0a:e4:ac:f0 with rssi 12 at 2014-09-12 20:07:10 UTC. Is not associated.
Rendering api/receiveEvents
Completed in 57ms (View: 1, DB: 45) | 200 OK [http://localhost/api/event]
  [4;35;1mSQL (0.1ms)[0m   [0mSET NAMES 'utf8'[0m
  [4;36;1mSQL (0.1ms)[0m   [0;1mSET SQL_AUTO_IS_NULL=0[0m


Processing EventsController#index (for 127.0.0.1 at 2014-09-12 18:30:16) [GET]
  [4;35;1mEvent Load (0.4ms)[0m   [0mSELECT * FROM `events` [0m
Rendering template within layouts/events
Rendering events/index
  [4;36;1mEvent Columns (0.8ms)[0m   [0;1mSHOW FIELDS FROM `events`[0m
Completed in 68ms (View: 63, DB: 1) | 200 OK [http://localhost/events]
  [4;35;1mSQL (0.1ms)[0m   [0mSET NAMES 'utf8'[0m
  [4;36;1mSQL (0.1ms)[0m   [0;1mSET SQL_AUTO_IS_NULL=0[0m


Processing ApiController#receiveEvents (for 127.0.0.1 at 2014-09-12 18:34:34) [POST]
  Parameters: {"data"=>"{\"version\":\"1.0\",\"secret\":\"elmediosecreto\",\"probing\":[{\"ap_mac\":\"00:18:0a:e4:ac:f0\",\"rssi\":\"12\",\"is_associated\":\"false\",\"client_mac\":\"5a:59:48:da:42:5a\",\"last_seen\":\"Fri Sep 12 20:07:10.478 UTC 2014\"}]}"}
  [4;35;1mEvent Columns (1.0ms)[0m   [0mSHOW FIELDS FROM `events`[0m
  [4;36;1mSQL (0.1ms)[0m   [0;1mBEGIN[0m
  [4;35;1mEvent Create (0.4ms)[0m   [0mINSERT INTO `events` (`ap_mac`, `created_at`, `updated_at`, `rssi`, `rssi_db`, `last_seen`, `is_associated`, `client_mac`) VALUES('00:18:0a:e4:ac:f0', '2014-09-12 21:34:34', '2014-09-12 21:34:34', 12, 83, '2014-09-12 20:07:10', 0, '5a:59:48:da:42:5a')[0m
  [4;36;1mSQL (42.3ms)[0m   [0;1mCOMMIT[0m
  [4;35;1mSQL (0.1ms)[0m   [0mBEGIN[0m
  [4;36;1mSQL (0.1ms)[0m   [0;1mCOMMIT[0m
Client 5a:59:48:da:42:5a seen on ap 00:18:0a:e4:ac:f0 with rssi 12 at 2014-09-12 20:07:10 UTC. Is not associated.
Rendering api/receiveEvents
Completed in 57ms (View: 1, DB: 44) | 200 OK [http://localhost/api/event]
  [4;35;1mSQL (0.1ms)[0m   [0mSET NAMES 'utf8'[0m
  [4;36;1mSQL (0.1ms)[0m   [0;1mSET SQL_AUTO_IS_NULL=0[0m


Processing EventsController#index (for 127.0.0.1 at 2014-09-12 18:34:37) [GET]
  [4;35;1mEvent Load (0.6ms)[0m   [0mSELECT * FROM `events` [0m
Rendering template within layouts/events
Rendering events/index
  [4;36;1mEvent Columns (1.2ms)[0m   [0;1mSHOW FIELDS FROM `events`[0m
Completed in 30ms (View: 20, DB: 2) | 200 OK [http://localhost/events]
  [4;35;1mSQL (0.1ms)[0m   [0mSET NAMES 'utf8'[0m
  [4;36;1mSQL (0.1ms)[0m   [0;1mSET SQL_AUTO_IS_NULL=0[0m


Processing ApiController#receiveEvents (for 127.0.0.1 at 2014-09-12 18:36:06) [POST]
  Parameters: {"data"=>"{\"version\":\"1.0\",\"secret\":\"elmediosecreto\",\"probing\":[{\"ap_mac\":\"00:18:0a:e4:ac:f0\",\"rssi\":\"13\",\"is_associated\":\"false\",\"client_mac\":\"5a:59:48:da:42:5a\",\"last_seen\":\"Fri Sep 12 20:07:10.478 UTC 2014\"}]}"}
  [4;35;1mEvent Columns (1.1ms)[0m   [0mSHOW FIELDS FROM `events`[0m
  [4;36;1mSQL (0.2ms)[0m   [0;1mBEGIN[0m
  [4;35;1mEvent Create (0.4ms)[0m   [0mINSERT INTO `events` (`ap_mac`, `created_at`, `updated_at`, `rssi`, `rssi_db`, `last_seen`, `is_associated`, `client_mac`) VALUES('00:18:0a:e4:ac:f0', '2014-09-12 21:36:06', '2014-09-12 21:36:06', 13, 82, '2014-09-12 20:07:10', 0, '5a:59:48:da:42:5a')[0m
  [4;36;1mSQL (49.1ms)[0m   [0;1mCOMMIT[0m
  [4;35;1mSQL (0.1ms)[0m   [0mBEGIN[0m
  [4;36;1mSQL (0.1ms)[0m   [0;1mCOMMIT[0m
Client 5a:59:48:da:42:5a seen on ap 00:18:0a:e4:ac:f0 with rssi 13 at 2014-09-12 20:07:10 UTC. Is not associated.
Rendering api/receiveEvents
Completed in 63ms (View: 1, DB: 51) | 200 OK [http://localhost/api/event]
  [4;35;1mSQL (0.1ms)[0m   [0mSET NAMES 'utf8'[0m
  [4;36;1mSQL (0.1ms)[0m   [0;1mSET SQL_AUTO_IS_NULL=0[0m


Processing EventsController#index (for 127.0.0.1 at 2014-09-12 18:36:10) [GET]
  [4;35;1mEvent Load (0.6ms)[0m   [0mSELECT * FROM `events` [0m
Rendering template within layouts/events
Rendering events/index
  [4;36;1mEvent Columns (1.3ms)[0m   [0;1mSHOW FIELDS FROM `events`[0m
Completed in 26ms (View: 20, DB: 2) | 200 OK [http://localhost/events]
  [4;35;1mSQL (0.1ms)[0m   [0mSET NAMES 'utf8'[0m
  [4;36;1mSQL (0.1ms)[0m   [0;1mSET SQL_AUTO_IS_NULL=0[0m


Processing ApiController#receiveEvents (for 127.0.0.1 at 2014-09-12 18:36:44) [POST]
  Parameters: {"data"=>"{\"version\":\"1.0\",\"secret\":\"elmediosecreto\",\"probing\":[{\"ap_mac\":\"00:18:0a:e4:ac:f0\",\"rssi\":\"13\",\"is_associated\":\"false\",\"client_mac\":\"5a:59:48:da:42:5a\",\"last_seen\":\"Fri Sep 12 20:07:10.478 UTC 2014\"}]}"}
  [4;35;1mEvent Columns (1.2ms)[0m   [0mSHOW FIELDS FROM `events`[0m
  [4;36;1mSQL (0.2ms)[0m   [0;1mBEGIN[0m
  [4;35;1mEvent Create (0.4ms)[0m   [0mINSERT INTO `events` (`ap_mac`, `created_at`, `updated_at`, `rssi`, `rssi_db`, `last_seen`, `is_associated`, `client_mac`) VALUES('00:18:0a:e4:ac:f0', '2014-09-12 21:36:44', '2014-09-12 21:36:44', 13, -82, '2014-09-12 20:07:10', 0, '5a:59:48:da:42:5a')[0m
  [4;36;1mSQL (42.7ms)[0m   [0;1mCOMMIT[0m
  [4;35;1mSQL (0.2ms)[0m   [0mBEGIN[0m
  [4;36;1mSQL (0.1ms)[0m   [0;1mCOMMIT[0m
Client 5a:59:48:da:42:5a seen on ap 00:18:0a:e4:ac:f0 with rssi 13 at 2014-09-12 20:07:10 UTC. Is not associated.
Rendering api/receiveEvents
Completed in 112ms (View: 1, DB: 45) | 200 OK [http://localhost/api/event]
  [4;35;1mSQL (0.2ms)[0m   [0mSET NAMES 'utf8'[0m
  [4;36;1mSQL (0.1ms)[0m   [0;1mSET SQL_AUTO_IS_NULL=0[0m


Processing EventsController#index (for 127.0.0.1 at 2014-09-12 18:36:46) [GET]
  [4;35;1mEvent Load (0.4ms)[0m   [0mSELECT * FROM `events` [0m
Rendering template within layouts/events
Rendering events/index
  [4;36;1mEvent Columns (0.7ms)[0m   [0;1mSHOW FIELDS FROM `events`[0m
Completed in 28ms (View: 21, DB: 1) | 200 OK [http://localhost/events]
  [4;35;1mSQL (0.1ms)[0m   [0mSET NAMES 'utf8'[0m
  [4;36;1mSQL (0.1ms)[0m   [0;1mSET SQL_AUTO_IS_NULL=0[0m


Processing ApiController#receiveEvents (for 127.0.0.1 at 2014-09-12 18:38:16) [POST]
  Parameters: {"data"=>"{\"version\":\"1.0\",\"secret\":\"elmediosecreto\",\"probing\":[{\"ap_mac\":\"00:18:0a:e4:ac:f0\",\"rssi\":\"13\",\"is_associated\":\"false\",\"client_mac\":\"5a:59:48:da:42:5a\",\"last_seen\":\"Fri Sep 12 20:07:10.478 UTC 2014\"}]}"}
  [4;35;1mEvent Columns (0.8ms)[0m   [0mSHOW FIELDS FROM `events`[0m
  [4;36;1mSQL (0.1ms)[0m   [0;1mBEGIN[0m
  [4;35;1mEvent Create (0.5ms)[0m   [0mINSERT INTO `events` (`ap_mac`, `created_at`, `updated_at`, `rssi`, `rssi_db`, `last_seen`, `is_associated`, `client_mac`) VALUES('00:18:0a:e4:ac:f0', '2014-09-12 21:38:16', '2014-09-12 21:38:16', 13, -82, '2014-09-12 20:07:10', 0, '5a:59:48:da:42:5a')[0m
  [4;36;1mSQL (42.0ms)[0m   [0;1mCOMMIT[0m
  [4;35;1mSQL (0.1ms)[0m   [0mBEGIN[0m
  [4;36;1mSQL (0.1ms)[0m   [0;1mCOMMIT[0m
Client 5a:59:48:da:42:5a seen on ap 00:18:0a:e4:ac:f0 with rssi 13 at 2014-09-12 20:07:10 UTC. Is not associated.
Rendering api/receiveEvents
Completed in 56ms (View: 1, DB: 44) | 200 OK [http://localhost/api/event]
  [4;35;1mSQL (0.1ms)[0m   [0mSET NAMES 'utf8'[0m
  [4;36;1mSQL (0.1ms)[0m   [0;1mSET SQL_AUTO_IS_NULL=0[0m


Processing EventsController#index (for 127.0.0.1 at 2014-09-12 18:38:18) [GET]
  [4;35;1mEvent Load (0.5ms)[0m   [0mSELECT * FROM `events` [0m
Rendering template within layouts/events
Rendering events/index
  [4;36;1mEvent Columns (1.3ms)[0m   [0;1mSHOW FIELDS FROM `events`[0m
Completed in 30ms (View: 22, DB: 2) | 200 OK [http://localhost/events]
  [4;35;1mSQL (0.1ms)[0m   [0mSET NAMES 'utf8'[0m
  [4;36;1mSQL (0.1ms)[0m   [0;1mSET SQL_AUTO_IS_NULL=0[0m


Processing EventsController#new (for 127.0.0.1 at 2014-09-12 18:53:36) [GET]
  [4;35;1mEvent Columns (0.8ms)[0m   [0mSHOW FIELDS FROM `events`[0m
Rendering template within layouts/events
Rendering events/new
Completed in 76ms (View: 70, DB: 1) | 200 OK [http://localhost/events/new]
  [4;36;1mSQL (0.2ms)[0m   [0;1mSET NAMES 'utf8'[0m
  [4;35;1mSQL (0.2ms)[0m   [0mSET SQL_AUTO_IS_NULL=0[0m


Processing EventsController#new (for 127.0.0.1 at 2014-09-12 18:53:45) [GET]
  [4;36;1mEvent Columns (1.0ms)[0m   [0;1mSHOW FIELDS FROM `events`[0m
Rendering template within layouts/events
Rendering events/new
Completed in 24ms (View: 17, DB: 1) | 200 OK [http://localhost/events/new]
  [4;36;1mSQL (0.2ms)[0m   [0;1mSET NAMES 'utf8'[0m
  [4;35;1mSQL (0.1ms)[0m   [0mSET SQL_AUTO_IS_NULL=0[0m


Processing ApiController#testConnection (for 127.0.0.1 at 2014-09-15 14:49:03) [GET]
Completed in 100ms (View: 98, DB: 0) | 200 OK [http://localhost/api/event]
  [4;36;1mSQL (0.1ms)[0m   [0;1mSET NAMES 'utf8'[0m
  [4;35;1mSQL (0.1ms)[0m   [0mSET SQL_AUTO_IS_NULL=0[0m


Processing EventsController#index (for 127.0.0.1 at 2014-09-15 14:49:09) [GET]
  [4;36;1mEvent Load (0.5ms)[0m   [0;1mSELECT * FROM `events` [0m
Rendering template within layouts/events
Rendering events/index
  [4;35;1mEvent Columns (1.0ms)[0m   [0mSHOW FIELDS FROM `events`[0m
Completed in 159ms (View: 103, DB: 2) | 200 OK [http://localhost/events]
  [4;36;1mSQL (0.1ms)[0m   [0;1mSET NAMES 'utf8'[0m
  [4;35;1mSQL (0.2ms)[0m   [0mSET SQL_AUTO_IS_NULL=0[0m


Processing EventsController#index (for 127.0.0.1 at 2014-09-15 14:51:33) [GET]
  [4;36;1mEvent Load (0.5ms)[0m   [0;1mSELECT * FROM `events` LIMIT 0, 5[0m
  [4;35;1mEvent Columns (1.2ms)[0m   [0mSHOW FIELDS FROM `events`[0m
  [4;36;1mSQL (0.3ms)[0m   [0;1mSELECT count(*) AS count_all FROM `events` [0m
Rendering template within layouts/events
Rendering events/index
Completed in 30ms (View: 21, DB: 2) | 200 OK [http://localhost/events]
  [4;35;1mSQL (0.1ms)[0m   [0mSET NAMES 'utf8'[0m
  [4;36;1mSQL (0.1ms)[0m   [0;1mSET SQL_AUTO_IS_NULL=0[0m


Processing EventsController#index (for 127.0.0.1 at 2014-09-15 14:51:38) [GET]
  Parameters: {"page"=>"2"}
  [4;35;1mEvent Load (0.6ms)[0m   [0mSELECT * FROM `events` LIMIT 5, 5[0m
Rendering template within layouts/events
Rendering events/index
  [4;36;1mEvent Columns (1.4ms)[0m   [0;1mSHOW FIELDS FROM `events`[0m
Completed in 26ms (View: 16, DB: 2) | 200 OK [http://localhost/events?page=2]
  [4;35;1mSQL (0.1ms)[0m   [0mSET NAMES 'utf8'[0m
  [4;36;1mSQL (0.1ms)[0m   [0;1mSET SQL_AUTO_IS_NULL=0[0m


Processing EventsController#index (for 127.0.0.1 at 2014-09-15 14:51:40) [GET]
  Parameters: {"page"=>"1"}
  [4;35;1mEvent Load (0.1ms)[0m   [0mSELECT * FROM `events` LIMIT 0, 5[0m
  [4;36;1mEvent Columns (0.7ms)[0m   [0;1mSHOW FIELDS FROM `events`[0m
  [4;35;1mSQL (0.1ms)[0m   [0mSELECT count(*) AS count_all FROM `events` [0m
Rendering template within layouts/events
Rendering events/index
Completed in 75ms (View: 68, DB: 1) | 200 OK [http://localhost/events?page=1]
  [4;36;1mSQL (0.2ms)[0m   [0;1mSET NAMES 'utf8'[0m
  [4;35;1mSQL (0.1ms)[0m   [0mSET SQL_AUTO_IS_NULL=0[0m


Processing EventsController#index (for 127.0.0.1 at 2014-09-15 14:52:14) [GET]
  Parameters: {"page"=>"1"}
  [4;36;1mEvent Load (0.2ms)[0m   [0;1mSELECT * FROM `events` LIMIT 0, 5[0m
  [4;35;1mEvent Columns (1.3ms)[0m   [0mSHOW FIELDS FROM `events`[0m
  [4;36;1mSQL (0.2ms)[0m   [0;1mSELECT count(*) AS count_all FROM `events` [0m
Rendering template within layouts/events
Rendering events/index
Completed in 30ms (View: 21, DB: 2) | 200 OK [http://localhost/events?page=1]
  [4;35;1mSQL (0.1ms)[0m   [0mSET NAMES 'utf8'[0m
  [4;36;1mSQL (0.1ms)[0m   [0;1mSET SQL_AUTO_IS_NULL=0[0m


Processing EventsController#index (for 127.0.0.1 at 2014-09-15 14:52:25) [GET]
  Parameters: {"page"=>"1"}
  [4;35;1mEvent Load (0.1ms)[0m   [0mSELECT * FROM `events` LIMIT 0, 5[0m
  [4;36;1mEvent Columns (0.7ms)[0m   [0;1mSHOW FIELDS FROM `events`[0m
  [4;35;1mSQL (0.1ms)[0m   [0mSELECT count(*) AS count_all FROM `events` [0m
Rendering template within layouts/events
Rendering events/index
Completed in 27ms (View: 20, DB: 1) | 200 OK [http://localhost/events?page=1]
  [4;36;1mSQL (0.1ms)[0m   [0;1mSET NAMES 'utf8'[0m
  [4;35;1mSQL (0.1ms)[0m   [0mSET SQL_AUTO_IS_NULL=0[0m


Processing EventsController#index (for 127.0.0.1 at 2014-09-15 15:05:46) [GET]
  Parameters: {"page"=>"1"}
  [4;36;1mEvent Load (0.4ms)[0m   [0;1mSELECT * FROM `events` LIMIT 0, 20[0m
Rendering template within layouts/events
Rendering events/index
  [4;35;1mEvent Columns (1.1ms)[0m   [0mSHOW FIELDS FROM `events`[0m
Completed in 35ms (View: 27, DB: 2) | 200 OK [http://localhost/events?page=1]
  [4;36;1mSQL (0.1ms)[0m   [0;1mSET NAMES 'utf8'[0m
  [4;35;1mSQL (0.1ms)[0m   [0mSET SQL_AUTO_IS_NULL=0[0m


Processing EventsController#index (for 127.0.0.1 at 2014-09-15 15:05:47) [GET]
  Parameters: {"page"=>"1"}
  [4;36;1mEvent Load (0.1ms)[0m   [0;1mSELECT * FROM `events` LIMIT 0, 20[0m
Rendering template within layouts/events
Rendering events/index
  [4;35;1mEvent Columns (0.7ms)[0m   [0mSHOW FIELDS FROM `events`[0m
Completed in 92ms (View: 23, DB: 1) | 200 OK [http://localhost/events?page=1]
  [4;36;1mSQL (0.1ms)[0m   [0;1mSET NAMES 'utf8'[0m
  [4;35;1mSQL (0.1ms)[0m   [0mSET SQL_AUTO_IS_NULL=0[0m


Processing ApplicationController#index (for 127.0.0.1 at 2014-09-15 15:05:53) [GET]
  Parameters: {"page"=>"1"}

ActionController::RoutingError (No route matches "/rails/events" with {:method=>:get}):
  /home/claudio/.rvm/rubies/ruby-1.8.7-p334/lib/ruby/1.8/webrick/httpserver.rb:104:in `service'
  /home/claudio/.rvm/rubies/ruby-1.8.7-p334/lib/ruby/1.8/webrick/httpserver.rb:65:in `run'
  /home/claudio/.rvm/rubies/ruby-1.8.7-p334/lib/ruby/1.8/webrick/server.rb:173:in `start_thread'
  /home/claudio/.rvm/rubies/ruby-1.8.7-p334/lib/ruby/1.8/webrick/server.rb:162:in `start'
  /home/claudio/.rvm/rubies/ruby-1.8.7-p334/lib/ruby/1.8/webrick/server.rb:162:in `start_thread'
  /home/claudio/.rvm/rubies/ruby-1.8.7-p334/lib/ruby/1.8/webrick/server.rb:95:in `start'
  /home/claudio/.rvm/rubies/ruby-1.8.7-p334/lib/ruby/1.8/webrick/server.rb:92:in `each'
  /home/claudio/.rvm/rubies/ruby-1.8.7-p334/lib/ruby/1.8/webrick/server.rb:92:in `start'
  /home/claudio/.rvm/rubies/ruby-1.8.7-p334/lib/ruby/1.8/webrick/server.rb:23:in `start'
  /home/claudio/.rvm/rubies/ruby-1.8.7-p334/lib/ruby/1.8/webrick/server.rb:82:in `start'

Rendering rescues/layout (not_found)
  [4;36;1mSQL (0.1ms)[0m   [0;1mSET NAMES 'utf8'[0m
  [4;35;1mSQL (0.1ms)[0m   [0mSET SQL_AUTO_IS_NULL=0[0m


Processing EventsController#index (for 127.0.0.1 at 2014-09-15 15:05:57) [GET]
  Parameters: {"page"=>"1"}
  [4;36;1mEvent Load (0.2ms)[0m   [0;1mSELECT * FROM `events` LIMIT 0, 20[0m
Rendering template within layouts/events
Rendering events/index
  [4;35;1mEvent Columns (0.8ms)[0m   [0mSHOW FIELDS FROM `events`[0m
Completed in 32ms (View: 25, DB: 1) | 200 OK [http://localhost/events?page=1]
  [4;36;1mSQL (0.1ms)[0m   [0;1mSET NAMES 'utf8'[0m
  [4;35;1mSQL (0.1ms)[0m   [0mSET SQL_AUTO_IS_NULL=0[0m


Processing EventsController#index (for 127.0.0.1 at 2014-09-15 15:05:58) [GET]
  Parameters: {"page"=>"1"}
  [4;36;1mEvent Load (0.2ms)[0m   [0;1mSELECT * FROM `events` LIMIT 0, 20[0m
Rendering template within layouts/events
Rendering events/index
  [4;35;1mEvent Columns (0.8ms)[0m   [0mSHOW FIELDS FROM `events`[0m
Completed in 30ms (View: 23, DB: 1) | 200 OK [http://localhost/events?page=1]
  [4;36;1mSQL (0.1ms)[0m   [0;1mSET NAMES 'utf8'[0m
  [4;35;1mSQL (0.1ms)[0m   [0mSET SQL_AUTO_IS_NULL=0[0m


Processing EventsController#index (for 127.0.0.1 at 2014-09-15 15:05:58) [GET]
  Parameters: {"page"=>"1"}
  [4;36;1mEvent Load (0.2ms)[0m   [0;1mSELECT * FROM `events` LIMIT 0, 20[0m
Rendering template within layouts/events
Rendering events/index
  [4;35;1mEvent Columns (0.8ms)[0m   [0mSHOW FIELDS FROM `events`[0m
Completed in 83ms (View: 76, DB: 1) | 200 OK [http://localhost/events?page=1]
  [4;36;1mSQL (0.1ms)[0m   [0;1mSET NAMES 'utf8'[0m
  [4;35;1mSQL (0.1ms)[0m   [0mSET SQL_AUTO_IS_NULL=0[0m


Processing EventsController#index (for 127.0.0.1 at 2014-09-15 15:05:58) [GET]
  Parameters: {"page"=>"1"}
  [4;36;1mEvent Load (0.3ms)[0m   [0;1mSELECT * FROM `events` LIMIT 0, 20[0m
Rendering template within layouts/events
Rendering events/index
  [4;35;1mEvent Columns (0.9ms)[0m   [0mSHOW FIELDS FROM `events`[0m
Completed in 32ms (View: 25, DB: 1) | 200 OK [http://localhost/events?page=1]
